<?xml version="1.0" encoding="UTF-8"?>
<!-- Generated by org.testng.reporters.JUnitXMLReporter -->
<testsuite hostname="DESKTOP-68HP9CA" name="Default test" tests="4" failures="0" timestamp="27 Feb 2019 18:45:42 GMT" time="9.474" errors="0">
  <testcase name="UrlLaunch" time="3.939" classname="com.Jquery.Testcases.TC01_Jquery_Launchingbrowser"/>
  <testcase name="UrlLaunch" time="3.939" classname="com.Jquery.Testcases.TC01_Jquery_Launchingbrowser"/>
  <testcase name="url" time="0.471" classname="com.Jquery.Testcases.TC01_Jquery_Launchingbrowser"/>
  <testcase name="url" time="0.471" classname="com.Jquery.Testcases.TC01_Jquery_Launchingbrowser"/>
</testsuite> <!-- Default test -->
