<?xml version="1.0" encoding="UTF-8"?>
<testng-results skipped="0" failed="0" total="2" passed="2">
  <reporter-output>
  </reporter-output>
  <suite name="Default suite" duration-ms="9474" started-at="2019-02-27T18:45:33Z" finished-at="2019-02-27T18:45:42Z">
    <groups>
    </groups>
    <test name="Default test" duration-ms="9474" started-at="2019-02-27T18:45:33Z" finished-at="2019-02-27T18:45:42Z">
      <class name="com.Jquery.Testcases.TC01_Jquery_Launchingbrowser">
        <test-method status="PASS" signature="Launching()[pri:0, instance:com.Jquery.Testcases.TC01_Jquery_Launchingbrowser@4c163e3]" name="Launching" is-config="true" duration-ms="3833" started-at="2019-02-28T00:15:33Z" finished-at="2019-02-28T00:15:37Z">
          <reporter-output>
          </reporter-output>
        </test-method> <!-- Launching -->
        <test-method status="PASS" signature="UrlLaunch()[pri:0, instance:com.Jquery.Testcases.TC01_Jquery_Launchingbrowser@4c163e3]" name="UrlLaunch" duration-ms="3939" started-at="2019-02-28T00:15:37Z" finished-at="2019-02-28T00:15:41Z">
          <reporter-output>
          </reporter-output>
        </test-method> <!-- UrlLaunch -->
        <test-method status="PASS" signature="url()[pri:0, instance:com.Jquery.Testcases.TC01_Jquery_Launchingbrowser@4c163e3]" name="url" duration-ms="471" started-at="2019-02-28T00:15:41Z" finished-at="2019-02-28T00:15:41Z">
          <reporter-output>
          </reporter-output>
        </test-method> <!-- url -->
        <test-method status="PASS" signature="Closing()[pri:0, instance:com.Jquery.Testcases.TC01_Jquery_Launchingbrowser@4c163e3]" name="Closing" is-config="true" duration-ms="1200" started-at="2019-02-28T00:15:41Z" finished-at="2019-02-28T00:15:42Z">
          <reporter-output>
          </reporter-output>
        </test-method> <!-- Closing -->
      </class> <!-- com.Jquery.Testcases.TC01_Jquery_Launchingbrowser -->
    </test> <!-- Default test -->
  </suite> <!-- Default suite -->
</testng-results>
