<?xml version="1.0" encoding="UTF-8"?>
<testng-results skipped="0" failed="0" total="1" passed="1">
  <reporter-output>
  </reporter-output>
  <suite name="Default suite" duration-ms="94407" started-at="2019-05-18T12:58:38Z" finished-at="2019-05-18T13:00:12Z">
    <groups>
    </groups>
    <test name="Default test" duration-ms="94407" started-at="2019-05-18T12:58:38Z" finished-at="2019-05-18T13:00:12Z">
      <class name="com.jQueryui.Results.MultiThread">
        <test-method status="PASS" signature="Test1()[pri:0, instance:Thread[Thread-0,5,main]]" name="Test1" duration-ms="94372" started-at="2019-05-18T12:58:38Z" finished-at="2019-05-18T13:00:12Z">
        </test-method> <!-- Test1 -->
      </class> <!-- com.jQueryui.Results.MultiThread -->
    </test> <!-- Default test -->
  </suite> <!-- Default suite -->
</testng-results>
