<?xml version="1.0" encoding="UTF-8"?>
<testng-results skipped="0" failed="1" total="2" passed="1">
  <reporter-output>
  </reporter-output>
  <suite name="Default suite" duration-ms="403" started-at="2019-02-23T23:08:27Z" finished-at="2019-02-23T23:08:28Z">
    <groups>
    </groups>
    <test name="Default test" duration-ms="403" started-at="2019-02-23T23:08:27Z" finished-at="2019-02-23T23:08:28Z">
      <class name="Extentreporttest">
        <test-method status="FAIL" signature="reportgen(java.lang.Object)[pri:0, instance:Extentreporttest@47e2e487]" name="reportgen" duration-ms="0" started-at="2019-02-23T23:08:27Z" finished-at="2019-02-23T23:08:27Z">
          <exception class="org.testng.TestNGException">
            <message>
              <![CDATA[
Parameter 'testcases' is required by @Test on method reportgen but has not been marked @Optional or defined
in C:\Users\lenovo\AppData\Local\Temp\testng-eclipse--465212481\testng-customsuite.xml]]>
            </message>
            <full-stacktrace>
              <![CDATA[org.testng.TestNGException: 
Parameter 'testcases' is required by @Test on method reportgen but has not been marked @Optional or defined
in C:\Users\lenovo\AppData\Local\Temp\testng-eclipse--465212481\testng-customsuite.xml
	at org.testng.internal.Parameters.createParameters(Parameters.java:155)
	at org.testng.internal.Parameters.createParameters(Parameters.java:355)
	at org.testng.internal.Parameters.handleParameters(Parameters.java:447)
	at org.testng.internal.Invoker.handleParameters(Invoker.java:1370)
	at org.testng.internal.Invoker.createParameters(Invoker.java:1067)
	at org.testng.internal.Invoker.invokeTestMethods(Invoker.java:1170)
	at org.testng.internal.TestMethodWorker.invokeTestMethods(TestMethodWorker.java:127)
	at org.testng.internal.TestMethodWorker.run(TestMethodWorker.java:111)
	at org.testng.TestRunner.privateRun(TestRunner.java:758)
	at org.testng.TestRunner.run(TestRunner.java:613)
	at org.testng.SuiteRunner.runTest(SuiteRunner.java:334)
	at org.testng.SuiteRunner.runSequentially(SuiteRunner.java:329)
	at org.testng.SuiteRunner.privateRun(SuiteRunner.java:291)
	at org.testng.SuiteRunner.run(SuiteRunner.java:240)
	at org.testng.SuiteRunnerWorker.runSuite(SuiteRunnerWorker.java:53)
	at org.testng.SuiteRunnerWorker.run(SuiteRunnerWorker.java:87)
	at org.testng.TestNG.runSuitesSequentially(TestNG.java:1170)
	at org.testng.TestNG.runSuitesLocally(TestNG.java:1095)
	at org.testng.TestNG.run(TestNG.java:1007)
	at org.testng.remote.AbstractRemoteTestNG.run(AbstractRemoteTestNG.java:114)
	at org.testng.remote.RemoteTestNG.initAndRun(RemoteTestNG.java:251)
	at org.testng.remote.RemoteTestNG.main(RemoteTestNG.java:77)
]]>
            </full-stacktrace>
          </exception> <!-- org.testng.TestNGException -->
        </test-method> <!-- reportgen -->
        <test-method status="PASS" signature="repportgen21()[pri:0, instance:Extentreporttest@47e2e487]" name="repportgen21" duration-ms="371" started-at="2019-02-23T23:08:27Z" finished-at="2019-02-23T23:08:28Z">
        </test-method> <!-- repportgen21 -->
      </class> <!-- Extentreporttest -->
    </test> <!-- Default test -->
  </suite> <!-- Default suite -->
</testng-results>
